RAW_POST:
Array
(
)
PARSED:
id_usuario: 0
id_actividad: 0
2025-07-11 13:58:29
Array
(
    [id_usuario] => 10
    [id_actividad] => 5
)
2025-07-11 13:58:33
Array
(
)
2025-07-11 14:02:17 - POST DATA:
id_usuario: 10
id_actividad: 5
2025-07-11 14:02:22 - POST DATA:
id_usuario: 10
id_actividad: 5
2025-07-11 14:02:25 - POST DATA:
id_usuario: 0
id_actividad: 0
2025-07-11 14:06:11 - POST DATA:
id_usuario: 10
id_actividad: 5
2025-07-11 14:44:58 - POST DATA:
id_usuario: 0
id_actividad: 0
2025-07-11 14:46:30 - POST DATA:
id_usuario: 0
id_actividad: 0
2025-07-11 15:02:03 - id_usuario: 4 | id_actividad: 2
2025-07-11 15:27:11 - id_usuario: 10 | id_actividad: 3
2025-07-11 15:42:17 - id_usuario: 10 | id_actividad: 2 | tipo: Por asistir al curso
2025-07-11 16:01:58 - id_usuario: 1 | id_actividad: 1 | tipo: Acreditado
